<?xml version="1.0" encoding="UTF-8"?>
<!-- Generated by org.testng.reporters.JUnitReportReporter -->
<testsuite hostname="X-C02YQEZCLVCF" failures="0" tests="2" name="com.swaglabs.tests.testAddItemsToCartAndVerify" time="1.303" errors="0" timestamp="2022-06-09T12:09:08 IST" skipped="0">
  <testcase classname="com.swaglabs.tests.testAddItemsToCartAndVerify" name="validateAdd_RemoveProductsInCart" time="0.716"/>
  <system-out/>
  <testcase classname="com.swaglabs.tests.testAddItemsToCartAndVerify" name="validateAdd_RemoveProductsInCart" time="0.587"/>
  <system-out/>
</testsuite> <!-- com.swaglabs.tests.testAddItemsToCartAndVerify -->
