<?xml version="1.0" encoding="UTF-8"?>
<!-- Generated by org.testng.reporters.JUnitReportReporter -->
<testsuite hostname="X-C02YQEZCLVCF" failures="0" tests="1" name="com.swaglabs.tests.testLogin" time="3.367" errors="0" timestamp="2022-06-08T20:19:18 IST" skipped="0">
  <testcase classname="com.swaglabs.tests.testLogin" name="setUp" time="3.367"/>
  <system-out/>
</testsuite> <!-- com.swaglabs.tests.testLogin -->
