<?xml version="1.0" encoding="UTF-8"?>
<!-- Generated by org.testng.reporters.JUnitReportReporter -->
<testsuite hostname="X-C02YQEZCLVCF" failures="0" tests="1" name="com.swaglabs.tests.testShoppingCartEnd2End" time="0.961" errors="0" timestamp="2022-06-09T12:09:08 IST" skipped="0">
  <testcase classname="com.swaglabs.tests.testShoppingCartEnd2End" name="validateAdd_RemoveProductsInCart" time="0.961"/>
  <system-out/>
</testsuite> <!-- com.swaglabs.tests.testShoppingCartEnd2End -->
