<?xml version="1.0" encoding="UTF-8"?>
<!-- Generated by org.testng.reporters.JUnitReportReporter -->
<testsuite hostname="X-C02YQEZCLVCF" failures="0" tests="2" name="com.swaglabs.tests.testFiltersOnShoppingList" time="1.630" errors="0" timestamp="2022-06-09T12:09:08 IST" skipped="0">
  <testcase classname="com.swaglabs.tests.testFiltersOnShoppingList" name="validateSortByPriceHighToLow" time="0.878"/>
  <system-out/>
  <testcase classname="com.swaglabs.tests.testFiltersOnShoppingList" name="validateSortByPriceLowToHigh" time="0.752"/>
  <system-out/>
</testsuite> <!-- com.swaglabs.tests.testFiltersOnShoppingList -->
